<!DOCTYPE html> <html lang="en"> <head> <meta http-equiv="Content-Type" content="text/html; charset=UTF-8"> <meta charset="utf-8"> <meta name="viewport" content="width=device-width, initial-scale=1, shrink-to-fit=no"> <meta http-equiv="X-UA-Compatible" content="IE=edge"> <title>CMake Bugs | Yuhang Ming</title> <meta name="author" content="Yuhang Ming"> <meta name="description" content="debugging notes."> <meta name="keywords" content="jekyll, jekyll-theme, academic-website, portfolio-website"> <link href="https://cdn.jsdelivr.net/npm/bootstrap@4.6.1/dist/css/bootstrap.min.css" rel="stylesheet" integrity="sha256-DF7Zhf293AJxJNTmh5zhoYYIMs2oXitRfBjY+9L//AY=" crossorigin="anonymous"> <link rel="stylesheet" href="https://cdn.jsdelivr.net/npm/mdbootstrap@4.20.0/css/mdb.min.css" integrity="sha256-jpjYvU3G3N6nrrBwXJoVEYI/0zw8htfFnhT9ljN3JJw=" crossorigin="anonymous"> <link rel="stylesheet" href="https://cdn.jsdelivr.net/npm/@fortawesome/fontawesome-free@5.15.4/css/all.min.css" integrity="sha256-mUZM63G8m73Mcidfrv5E+Y61y7a12O5mW4ezU3bxqW4=" crossorigin="anonymous"> <link rel="stylesheet" href="https://cdn.jsdelivr.net/npm/academicons@1.9.1/css/academicons.min.css" integrity="sha256-i1+4qU2G2860dGGIOJscdC30s9beBXjFfzjWLjBRsBg=" crossorigin="anonymous"> <link rel="stylesheet" type="text/css" href="https://fonts.googleapis.com/css?family=Roboto:300,400,500,700|Roboto+Slab:100,300,400,500,700|Material+Icons"> <link rel="stylesheet" href="https://cdn.jsdelivr.net/gh/jwarby/jekyll-pygments-themes@master/github.css" media="" id="highlight_theme_light"> <link rel="shortcut icon" href="/assets/img/icon.png"> <link rel="stylesheet" href="/assets/css/main.css"> <link rel="canonical" href="https://yuhangming.github.io/blog/2024/cmake-related/"> <link rel="stylesheet" href="https://cdn.jsdelivr.net/gh/jwarby/jekyll-pygments-themes@master/native.css" media="none" id="highlight_theme_dark"> <script src="/assets/js/theme.js"></script> <script src="/assets/js/dark_mode.js"></script> </head> <body class="fixed-top-nav "> <header> <nav id="navbar" class="navbar navbar-light navbar-expand-sm fixed-top"> <div class="container"> <a class="navbar-brand title font-weight-lighter" href="/"><span class="font-weight-bold">Yuhang </span>Ming</a> <button class="navbar-toggler collapsed ml-auto" type="button" data-toggle="collapse" data-target="#navbarNav" aria-controls="navbarNav" aria-expanded="false" aria-label="Toggle navigation"> <span class="sr-only">Toggle navigation</span> <span class="icon-bar top-bar"></span> <span class="icon-bar middle-bar"></span> <span class="icon-bar bottom-bar"></span> </button> <div class="collapse navbar-collapse text-right" id="navbarNav"> <ul class="navbar-nav ml-auto flex-nowrap"> <li class="nav-item "> <a class="nav-link" href="/">about</a> </li> <li class="nav-item active"> <a class="nav-link" href="/blog/">blog<span class="sr-only">(current)</span></a> </li> <li class="nav-item "> <a class="nav-link" href="/projects/">projects</a> </li> <li class="nav-item "> <a class="nav-link" href="/publications/">publications</a> </li> <li class="nav-item "> <a class="nav-link" href="/teaching/">teaching</a> </li> <li class="toggle-container"> <button id="light-toggle" title="Change theme"> <i class="fas fa-moon"></i> <i class="fas fa-sun"></i> </button> </li> </ul> </div> </div> </nav> <progress id="progress" value="0"> <div class="progress-container"> <span class="progress-bar"></span> </div> </progress> </header> <div class="container mt-5"> <div class="post"> <header class="post-header"> <h1 class="post-title">CMake Bugs</h1> <p class="post-meta">June 27, 2024</p> <p class="post-tags"> <a href="/blog/2024"> <i class="fas fa-calendar fa-sm"></i> 2024 </a>   ·   <a href="/blog/tag/env-setup"> <i class="fas fa-hashtag fa-sm"></i> env-setup</a>     ·   <a href="/blog/category/mix-posts"> <i class="fas fa-tag fa-sm"></i> mix-posts</a>   </p> </header> <article class="post-content"> <h1 id="table-of-content">Table of Content</h1> <ul> <li><a href="#table-of-content">Table of Content</a></li> <li><a href="#install-without-sudo">install without sudo</a></li> <li><a href="#undefined-symbol">undefined symbol</a></li> <li><a href="#could-not-find-opencv">could not find OpenCV</a></li> <li><a href="#could-not-find-cuda">could not find CUDA</a></li> </ul> <h1 id="install-without-sudo">install without sudo</h1> <p>Error Message:</p> <div class="language-plaintext highlighter-rouge"><div class="highlight"><pre class="highlight"><code>Install the project...
-- Install configuration: "Release"
CMake Error at cmake_install.cmake:46 (file):
  file cannot create directory: /usr/local/lib/cmake.  Maybe need
  administrative privileges.

make: *** [Makefile:100: install] Error 1
</code></pre></div></div> <p>Cause: the default install path is <code class="language-plaintext highlighter-rouge">/usr/local/lib/cmake</code>, which requires sudo permission.</p> <p>Solution: change the install path to a user-writable directory.</p> <div class="language-plaintext highlighter-rouge"><div class="highlight"><pre class="highlight"><code>mkdir build &amp;&amp; cd build
cmake -D CMAKE_INSTALL_PREFIX='/home/username/local' ..
make -j8 &amp;&amp; make install
</code></pre></div></div> <p>!!! Don’t forget to change environment variables in the <code class="language-plaintext highlighter-rouge">.bashrc</code> file.</p> <div class="language-plaintext highlighter-rouge"><div class="highlight"><pre class="highlight"><code>export PATH=$PATH:/home/username/local/bin 
export LD_LIBRARY_PATH=$LD_LIBRARY_PATH:/home/username/local/lib 
export CMAKE_PREFIX_PATH=/home/username/local
</code></pre></div></div> <h1 id="undefined-symbol">undefined symbol</h1> <p>Error Message:</p> <div class="language-plaintext highlighter-rouge"><div class="highlight"><pre class="highlight"><code>Traceback (most recent call last):
  File "test_vis.py", line 3 in &lt;module&gt;
    from cpp.build import pcl
ImportError: /xxx/pcl.cpython-38-x86_64-linux-gnu.so: undefined symbol: _ZN12PointMatcherIfE12ICPChainBase10setDefaultEv
</code></pre></div></div> <p>Cause: the built module is not linked to the necessary libraries.</p> <p>Solution: add</p> <div class="language-plaintext highlighter-rouge"><div class="highlight"><pre class="highlight"><code>pybind11_add_module(pcl, pcl.cpp)
target_link_libraries(pcl PRIVATE ${MY_LIBRARIES})
</code></pre></div></div> <p><a href="https://github.com/pybind/pybind11/issues/1403" rel="external nofollow noopener" target="_blank">ref</a></p> <p><a href="#table-of-content">Back to Top</a></p> <h1 id="could-not-find-opencv">could not find OpenCV</h1> <p>Error Message:</p> <div class="language-plaintext highlighter-rouge"><div class="highlight"><pre class="highlight"><code>CMake Error at CMakeLists.txt:53 (find_package):
  By not providing "FindOpenCV.cmake" in CMAKE_MODULE_PATH this project has
  asked CMake to find a package configuration file provided by "OpenCV", but
  CMake did not find one.

  Could not find a package configuration file provided by "OpenCV" with any
  of the following names:

    OpenCVConfig.cmake
    opencv-config.cmake

  Add the installation prefix of "OpenCV" to CMAKE_PREFIX_PATH or set
  "OpenCV_DIR" to a directory containing one of the above files.  If "OpenCV"
  provides a separate development package or SDK, be sure it has been
  installed.
</code></pre></div></div> <p>Cause: CMake need to find the OpenCV installed in system, not in the anaconda virtual environment.</p> <p>Solution: Install OpenCV in the system with sudo user. <code class="language-plaintext highlighter-rouge">sudo apt-get install libopencv-dev</code>.</p> <p><a href="#table-of-content">Back to Top</a></p> <h1 id="could-not-find-cuda">could not find CUDA</h1> <p>Error Message:</p> <div class="language-plaintext highlighter-rouge"><div class="highlight"><pre class="highlight"><code>-- Configuring incomplete, errors occurred!
      Traceback (most recent call last):
        File "/tmp/pip-build-env-vyy1n26b/overlay/local/lib/python3.10/dist-packages/skbuild/setuptools_wrap.py", line 666, in setup
          env = cmkr.configure(
        File "/tmp/pip-build-env-vyy1n26b/overlay/local/lib/python3.10/dist-packages/skbuild/cmaker.py", line 357, in configure
          raise SKBuildError(msg)
      
      An error occurred while configuring with CMake.
        Command:
          /tmp/pip-build-env-vyy1n26b/overlay/local/lib/python3.10/dist-packages/cmake/data/bin/cmake /tmp/pip-install-07gczwgt/llama-cpp-python_dac2049bbf404ad88046ca7ba38e3fdb -G Ninja -DCMAKE_MAKE_PROGRAM:FILEPATH=/tmp/pip-build-env-vyy1n26b/overlay/local/lib/python3.10/dist-packages/ninja/data/bin/ninja --no-warn-unused-cli -DCMAKE_INSTALL_PREFIX:PATH=/tmp/pip-install-07gczwgt/llama-cpp-python_dac2049bbf404ad88046ca7ba38e3fdb/_skbuild/linux-x86_64-3.10/cmake-install -DPYTHON_VERSION_STRING:STRING=3.10.12 -DSKBUILD:INTERNAL=TRUE -DCMAKE_MODULE_PATH:PATH=/tmp/pip-build-env-vyy1n26b/overlay/local/lib/python3.10/dist-packages/skbuild/resources/cmake -DPYTHON_EXECUTABLE:PATH=/usr/bin/python3 -DPYTHON_INCLUDE_DIR:PATH=/usr/include/python3.10 -DPYTHON_LIBRARY:PATH=/usr/lib/x86_64-linux-gnu/libpython3.10.so -DPython_EXECUTABLE:PATH=/usr/bin/python3 -DPython_ROOT_DIR:PATH=/usr -DPython_FIND_REGISTRY:STRING=NEVER -DPython_INCLUDE_DIR:PATH=/usr/include/python3.10 -DPython_NumPy_INCLUDE_DIRS:PATH=/usr/lib/python3/dist-packages/numpy/core/include -DPython3_EXECUTABLE:PATH=/usr/bin/python3 -DPython3_ROOT_DIR:PATH=/usr -DPython3_FIND_REGISTRY:STRING=NEVER -DPython3_INCLUDE_DIR:PATH=/usr/include/python3.10 -DPython3_NumPy_INCLUDE_DIRS:PATH=/usr/lib/python3/dist-packages/numpy/core/include -DCMAKE_MAKE_PROGRAM:FILEPATH=/tmp/pip-build-env-vyy1n26b/overlay/local/lib/python3.10/dist-packages/ninja/data/bin/ninja -DLLAMA_CUBLAS=on -DCMAKE_BUILD_TYPE:STRING=Release -DLLAMA_CUBLAS=on
        Source directory:
          /tmp/pip-install-07gczwgt/llama-cpp-python_dac2049bbf404ad88046ca7ba38e3fdb
        Working directory:
          /tmp/pip-install-07gczwgt/llama-cpp-python_dac2049bbf404ad88046ca7ba38e3fdb/_skbuild/linux-x86_64-3.10/cmake-build
      Please see CMake's output for more information.
      
      [end of output]
  
  note: This error originates from a subprocess, and is likely not a problem with pip.
  ERROR: Failed building wheel for llama-cpp-python
Failed to build llama-cpp-python
ERROR: Could not build wheels for llama-cpp-python, which is required to install pyproject.toml-based projects
</code></pre></div></div> <p>Cause: CMake need to find the CUDA installed in system, not in the anaconda virtual environment.</p> <p>Solution: Force CMake to find the CUDA installed in the system. <code class="language-plaintext highlighter-rouge">CUDACXX=/usr/local/cuda-12.1/bin/nvcc CMAKE_ARGS="-DLLAMA_CUBLAS=on -DCMAKE_CUDA_ARCHITECTURES=native" FORCE_CMAKE=1 pip install ./DPViewer</code></p> <p><a href="#table-of-content">Back to Top</a></p> </article> </div> </div> <footer class="fixed-bottom"> <div class="container mt-0"> © Copyright 2025 Yuhang Ming. Powered by <a href="https://jekyllrb.com/" target="_blank" rel="external nofollow noopener">Jekyll</a> with <a href="https://github.com/alshedivat/al-folio" rel="external nofollow noopener" target="_blank">al-folio</a> theme. Hosted by <a href="https://pages.github.com/" target="_blank" rel="external nofollow noopener">GitHub Pages</a>. </div> </footer> <script src="https://cdn.jsdelivr.net/npm/jquery@3.6.0/dist/jquery.min.js" integrity="sha256-/xUj+3OJU5yExlq6GSYGSHk7tPXikynS7ogEvDej/m4=" crossorigin="anonymous"></script> <script src="https://cdn.jsdelivr.net/npm/bootstrap@4.6.1/dist/js/bootstrap.bundle.min.js" integrity="sha256-fgLAgv7fyCGopR/gBNq2iW3ZKIdqIcyshnUULC4vex8=" crossorigin="anonymous"></script> <script src="https://cdn.jsdelivr.net/npm/mdbootstrap@4.20.0/js/mdb.min.js" integrity="sha256-NdbiivsvWt7VYCt6hYNT3h/th9vSTL4EDWeGs5SN3DA=" crossorigin="anonymous"></script> <script defer src="https://cdn.jsdelivr.net/npm/masonry-layout@4.2.2/dist/masonry.pkgd.min.js" integrity="sha256-Nn1q/fx0H7SNLZMQ5Hw5JLaTRZp0yILA/FRexe19VdI=" crossorigin="anonymous"></script> <script defer src="https://cdn.jsdelivr.net/npm/imagesloaded@4/imagesloaded.pkgd.min.js"></script> <script defer src="/assets/js/masonry.js" type="text/javascript"></script> <script defer src="https://cdn.jsdelivr.net/npm/medium-zoom@1.0.6/dist/medium-zoom.min.js" integrity="sha256-EdPgYcPk/IIrw7FYeuJQexva49pVRZNmt3LculEr7zM=" crossorigin="anonymous"></script> <script defer src="/assets/js/zoom.js"></script> <script defer src="/assets/js/common.js"></script> <script type="text/javascript">window.MathJax={tex:{tags:"ams"}};</script> <script defer type="text/javascript" id="MathJax-script" src="https://cdn.jsdelivr.net/npm/mathjax@3.2.0/es5/tex-mml-chtml.js"></script> <script defer src="https://polyfill.io/v3/polyfill.min.js?features=es6"></script> <script type="text/javascript">function progressBarSetup(){"max"in document.createElement("progress")?(initializeProgressElement(),$(document).on("scroll",function(){progressBar.attr({value:getCurrentScrollPosition()})}),$(window).on("resize",initializeProgressElement)):(resizeProgressBar(),$(document).on("scroll",resizeProgressBar),$(window).on("resize",resizeProgressBar))}function getCurrentScrollPosition(){return $(window).scrollTop()}function initializeProgressElement(){let e=$("#navbar").outerHeight(!0);$("body").css({"padding-top":e}),$("progress-container").css({"padding-top":e}),progressBar.css({top:e}),progressBar.attr({max:getDistanceToScroll(),value:getCurrentScrollPosition()})}function getDistanceToScroll(){return $(document).height()-$(window).height()}function resizeProgressBar(){progressBar.css({width:getWidthPercentage()+"%"})}function getWidthPercentage(){return getCurrentScrollPosition()/getDistanceToScroll()*100}const progressBar=$("#progress");window.onload=function(){setTimeout(progressBarSetup,50)};</script> <div style="height:1px"> <script type="text/javascript" id="clustrmaps" src="//clustrmaps.com/map_v2.js?d=sP5zK6ZHzsC7pQB6E9e6ewkUE27-89S1-RjTxkJHOJM&amp;cl=ffffff&amp;w=400"></script> </div> </body> </html>